<?xml version="1.0" encoding="UTF-8"?>
<!-- Generated by org.testng.reporters.JUnitXMLReporter -->
<testsuite ignored="0" hostname="Dmytros-MacBook-Air.local" failures="0" tests="7" name="Surefire test" time="16.149" errors="0" timestamp="2025-03-12T21:32:45 EET">
  <testcase classname="tests.TestPlaceAnOrder" name="testPlaceAnOrder" time="1.498"/>
  <testcase classname="tests.TestDeletePurchaseOrder" name="testDeletePurchasedOrderById" time="0.702"/>
  <testcase classname="tests.TestPlaceTheOrderAlreadyExists" name="testPlaceTheOrderWhichAlreadyExists" time="0.799"/>
  <testcase classname="tests.TestGetNonExistentOrder" name="testGetOrderById" time="0.716"/>
  <testcase classname="tests.TestReturningPetInventories" name="testGetPetInventories" time="0.676"/>
  <testcase classname="tests.TestDeleteNotPurchaseOrder" name="testDeleteNotPurchasedOrderById" time="0.685"/>
  <testcase classname="tests.TestGetCertainOrder" name="testGetOrderById" time="0.676"/>
</testsuite> <!-- Surefire test -->
