<?xml version="1.0" encoding="UTF-8"?>
<testsuite xmlns:xsi="http://www.w3.org/2001/XMLSchema-instance" xsi:noNamespaceSchemaLocation="https://maven.apache.org/surefire/maven-surefire-plugin/xsd/surefire-test-report-3.0.xsd" version="3.0" name="TestSuite" time="16.409" tests="7" errors="0" skipped="0" failures="0">
  <properties>
[...]
</properties>
  <testcase name="testPlaceAnOrder" classname="tests.TestPlaceAnOrder" time="1.501">
    <system-out><![CDATA[Selected environment: test with baseUrl: https://petstore.swagger.io/v2
Request method:	POST
Request URI:	https://petstore.swagger.io/v2/store/order
Proxy:			<none>
Request params:	<none>
Query params:	<none>
Form params:	<none>
Path params:	<none>
Headers:		Accept=application/json
				Content-Type=application/json
Cookies:		<none>
Multiparts:		<none>
Body:
{
    "id": 159,
    "petId": 1,
    "quantity": 1,
    "shipDate": "2025-03-12T00:00:00.123Z",
    "status": "placed",
    "complete": true
}
HTTP/1.1 200 OK
Date: Wed, 12 Mar 2025 19:32:30 GMT
Content-Type: application/json
Transfer-Encoding: chunked
Connection: keep-alive
Access-Control-Allow-Origin: *
Access-Control-Allow-Methods: GET, POST, DELETE, PUT
Access-Control-Allow-Headers: Content-Type, api_key, Authorization
Server: Jetty(9.2.9.v20150224)

{
    "id": 159,
    "petId": 1,
    "quantity": 1,
    "shipDate": "2025-03-12T00:00:00.123+0000",
    "status": "placed",
    "complete": true
}
]]></system-out>
    <system-err><![CDATA[SLF4J: Failed to load class "org.slf4j.impl.StaticLoggerBinder".
SLF4J: Defaulting to no-operation (NOP) logger implementation
SLF4J: See http://www.slf4j.org/codes.html#StaticLoggerBinder for further details.
]]></system-err>
  </testcase>
  <testcase name="testDeletePurchasedOrderById" classname="tests.TestDeletePurchaseOrder" time="0.701">
    <system-out><![CDATA[Request method:	POST
Request URI:	https://petstore.swagger.io/v2/store/order
Proxy:			<none>
Request params:	<none>
Query params:	<none>
Form params:	<none>
Path params:	<none>
Headers:		Accept=application/json
				Content-Type=application/json
Cookies:		<none>
Multiparts:		<none>
Body:
{
    "id": 8,
    "petId": 1,
    "quantity": 1,
    "shipDate": "2025-03-10T18:14:24.742Z",
    "status": "placed",
    "complete": true
}
HTTP/1.1 200 OK
Date: Wed, 12 Mar 2025 19:32:31 GMT
Content-Type: application/json
Transfer-Encoding: chunked
Connection: keep-alive
Access-Control-Allow-Origin: *
Access-Control-Allow-Methods: GET, POST, DELETE, PUT
Access-Control-Allow-Headers: Content-Type, api_key, Authorization
Server: Jetty(9.2.9.v20150224)

{
    "id": 8,
    "petId": 1,
    "quantity": 1,
    "shipDate": "2025-03-10T18:14:24.742+0000",
    "status": "placed",
    "complete": true
}
Request method:	DELETE
Request URI:	https://petstore.swagger.io/v2/store/order/8
Proxy:			<none>
Request params:	<none>
Query params:	<none>
Form params:	<none>
Path params:	<none>
Headers:		Accept=application/json
				Content-Type=application/json
Cookies:		<none>
Multiparts:		<none>
Body:
{
    "id": 8,
    "petId": 1,
    "quantity": 1,
    "shipDate": "2025-03-10T18:14:24.742Z",
    "status": "placed",
    "complete": true
}
HTTP/1.1 200 OK
Date: Wed, 12 Mar 2025 19:32:35 GMT
Content-Type: application/json
Transfer-Encoding: chunked
Connection: keep-alive
Access-Control-Allow-Origin: *
Access-Control-Allow-Methods: GET, POST, DELETE, PUT
Access-Control-Allow-Headers: Content-Type, api_key, Authorization
Server: Jetty(9.2.9.v20150224)

{
    "code": 200,
    "type": "unknown",
    "message": "8"
}
]]></system-out>
  </testcase>
  <testcase name="testPlaceTheOrderWhichAlreadyExists" classname="tests.TestPlaceTheOrderAlreadyExists" time="0.798">
    <system-out><![CDATA[Request method:	POST
Request URI:	https://petstore.swagger.io/v2/store/order
Proxy:			<none>
Request params:	<none>
Query params:	<none>
Form params:	<none>
Path params:	<none>
Headers:		Accept=application/json
				Content-Type=application/json
Cookies:		<none>
Multiparts:		<none>
Body:
{
    "id": 8,
    "petId": 1,
    "quantity": 1,
    "shipDate": "2025-03-12T00:00:00.123Z",
    "status": "placed",
    "complete": true
}
HTTP/1.1 200 OK
Date: Wed, 12 Mar 2025 19:32:35 GMT
Content-Type: application/json
Transfer-Encoding: chunked
Connection: keep-alive
Access-Control-Allow-Origin: *
Access-Control-Allow-Methods: GET, POST, DELETE, PUT
Access-Control-Allow-Headers: Content-Type, api_key, Authorization
Server: Jetty(9.2.9.v20150224)

{
    "id": 8,
    "petId": 1,
    "quantity": 1,
    "shipDate": "2025-03-12T00:00:00.123+0000",
    "status": "placed",
    "complete": true
}
Request method:	POST
Request URI:	https://petstore.swagger.io/v2/store/order
Proxy:			<none>
Request params:	<none>
Query params:	<none>
Form params:	<none>
Path params:	<none>
Headers:		Accept=application/json
				Content-Type=application/json
Cookies:		<none>
Multiparts:		<none>
Body:
{
    "id": 8,
    "petId": 1,
    "quantity": 1,
    "shipDate": "2025-03-12T00:00:00.123Z",
    "status": "placed",
    "complete": true
}
HTTP/1.1 200 OK
Date: Wed, 12 Mar 2025 19:32:38 GMT
Content-Type: application/json
Transfer-Encoding: chunked
Connection: keep-alive
Access-Control-Allow-Origin: *
Access-Control-Allow-Methods: GET, POST, DELETE, PUT
Access-Control-Allow-Headers: Content-Type, api_key, Authorization
Server: Jetty(9.2.9.v20150224)

{
    "id": 8,
    "petId": 1,
    "quantity": 1,
    "shipDate": "2025-03-12T00:00:00.123+0000",
    "status": "placed",
    "complete": true
}
]]></system-out>
  </testcase>
  <testcase name="testGetOrderById" classname="tests.TestGetNonExistentOrder" time="0.717">
    <system-out><![CDATA[HTTP/1.1 404 Not Found
Date: Wed, 12 Mar 2025 19:32:39 GMT
Content-Type: application/json
Transfer-Encoding: chunked
Connection: keep-alive
Access-Control-Allow-Origin: *
Access-Control-Allow-Methods: GET, POST, DELETE, PUT
Access-Control-Allow-Headers: Content-Type, api_key, Authorization
Server: Jetty(9.2.9.v20150224)

{
    "code": 1,
    "type": "error",
    "message": "Order not found"
}
]]></system-out>
  </testcase>
  <testcase name="testGetPetInventories" classname="tests.TestReturningPetInventories" time="0.678">
    <system-out><![CDATA[HTTP/1.1 200 OK
Date: Wed, 12 Mar 2025 19:32:40 GMT
Content-Type: application/json
Transfer-Encoding: chunked
Connection: keep-alive
Access-Control-Allow-Origin: *
Access-Control-Allow-Methods: GET, POST, DELETE, PUT
Access-Control-Allow-Headers: Content-Type, api_key, Authorization
Server: Jetty(9.2.9.v20150224)

{
    "sold": 18,
    "5000": 1,
    "string": 4,
    "-1": 1,
    "NOT available": 1,
    "sold ": 1,
    "d": 1,
    "pending": 17,
    "available": 883,
    "weisskeiner1": 1,
    "availabl": 1,
    "SOLD OUT": 1,
    "0": 1,
    "1": 1,
    "100": 1,
    "Sold": 1,
    "invalid_status": 8,
    "available_DEV": 1,
    "8": 1,
    "Available": 8
}
]]></system-out>
  </testcase>
  <testcase name="testDeleteNotPurchasedOrderById" classname="tests.TestDeleteNotPurchaseOrder" time="0.685">
    <system-out><![CDATA[Request method:	DELETE
Request URI:	https://petstore.swagger.io/v2/store/order/-1
Proxy:			<none>
Request params:	<none>
Query params:	<none>
Form params:	<none>
Path params:	<none>
Headers:		Accept=application/json
				Content-Type=application/json
Cookies:		<none>
Multiparts:		<none>
Body:			<none>
HTTP/1.1 404 Not Found
Date: Wed, 12 Mar 2025 19:32:40 GMT
Content-Type: application/json
Transfer-Encoding: chunked
Connection: keep-alive
Access-Control-Allow-Origin: *
Access-Control-Allow-Methods: GET, POST, DELETE, PUT
Access-Control-Allow-Headers: Content-Type, api_key, Authorization
Server: Jetty(9.2.9.v20150224)

{
    "code": 404,
    "type": "unknown",
    "message": "Order Not Found"
}
]]></system-out>
  </testcase>
  <testcase name="testGetOrderById" classname="tests.TestGetCertainOrder" time="0.677">
    <system-out><![CDATA[Request method:	POST
Request URI:	https://petstore.swagger.io/v2/store/order
Proxy:			<none>
Request params:	<none>
Query params:	<none>
Form params:	<none>
Path params:	<none>
Headers:		Accept=application/json
				Content-Type=application/json
Cookies:		<none>
Multiparts:		<none>
Body:
{
    "id": 8,
    "petId": 1,
    "quantity": 1,
    "shipDate": "2025-03-12T00:00:00.123Z",
    "status": "placed",
    "complete": true
}
HTTP/1.1 200 OK
Date: Wed, 12 Mar 2025 19:32:41 GMT
Content-Type: application/json
Transfer-Encoding: chunked
Connection: keep-alive
Access-Control-Allow-Origin: *
Access-Control-Allow-Methods: GET, POST, DELETE, PUT
Access-Control-Allow-Headers: Content-Type, api_key, Authorization
Server: Jetty(9.2.9.v20150224)

{
    "id": 8,
    "petId": 1,
    "quantity": 1,
    "shipDate": "2025-03-12T00:00:00.123+0000",
    "status": "placed",
    "complete": true
}
HTTP/1.1 200 OK
Date: Wed, 12 Mar 2025 19:32:45 GMT
Content-Type: application/json
Transfer-Encoding: chunked
Connection: keep-alive
Access-Control-Allow-Origin: *
Access-Control-Allow-Methods: GET, POST, DELETE, PUT
Access-Control-Allow-Headers: Content-Type, api_key, Authorization
Server: Jetty(9.2.9.v20150224)

{
    "id": 8,
    "petId": 1,
    "quantity": 1,
    "shipDate": "2025-03-12T00:00:00.123+0000",
    "status": "placed",
    "complete": true
}
]]></system-out>
  </testcase>
</testsuite>